11:41:41.753 [INFO] [org.gradle.launcher.daemon.server.Daemon] start() called on daemon - DefaultDaemonContext[uid=6cb10aa9-4195-4d64-b2fe-e84b3002e633,javaHome=C:\Home\00.Tools\eclipse4.5\pleiades\eclipse\jre,daemonRegistryDir=C:\Home\02.Programs\EclipseWorkspace\squid\daemon,pid=4656,idleTimeout=10800000,daemonOpts=-XX:MaxPermSize=256m,-XX:+HeapDumpOnOutOfMemoryError,-Xmx1024m,-Dfile.encoding=windows-31j,-Duser.country=JP,-Duser.language=ja,-Duser.variant]
11:41:41.757 [DEBUG] [org.gradle.launcher.daemon.server.DaemonStateCoordinator] updating lastActivityAt to 1469587301757
11:41:41.845 [DEBUG] [org.gradle.messaging.remote.internal.inet.InetAddressFactory] Adding IP addresses for network interface Software Loopback Interface 1
11:41:41.847 [DEBUG] [org.gradle.messaging.remote.internal.inet.InetAddressFactory] Is this a loopback interface? true
11:41:41.849 [DEBUG] [org.gradle.messaging.remote.internal.inet.InetAddressFactory] Is this a multicast interface? true
11:41:41.850 [DEBUG] [org.gradle.messaging.remote.internal.inet.InetAddressFactory] Adding loopback address /127.0.0.1
11:41:41.850 [DEBUG] [org.gradle.messaging.remote.internal.inet.InetAddressFactory] Adding loopback address /0:0:0:0:0:0:0:1
11:41:41.851 [DEBUG] [org.gradle.messaging.remote.internal.inet.InetAddressFactory] Adding loopback multicast interface Software Loopback Interface 1
11:41:41.851 [DEBUG] [org.gradle.messaging.remote.internal.inet.InetAddressFactory] Adding IP addresses for network interface WAN Miniport (SSTP)
11:41:41.853 [DEBUG] [org.gradle.messaging.remote.internal.inet.InetAddressFactory] Is this a loopback interface? false
11:41:41.855 [DEBUG] [org.gradle.messaging.remote.internal.inet.InetAddressFactory] Is this a multicast interface? true
11:41:41.855 [DEBUG] [org.gradle.messaging.remote.internal.inet.InetAddressFactory] Adding loopback multicast interface WAN Miniport (SSTP)
11:41:41.856 [DEBUG] [org.gradle.messaging.remote.internal.inet.InetAddressFactory] Adding IP addresses for network interface WAN Miniport (L2TP)
11:41:41.857 [DEBUG] [org.gradle.messaging.remote.internal.inet.InetAddressFactory] Is this a loopback interface? false
11:41:41.859 [DEBUG] [org.gradle.messaging.remote.internal.inet.InetAddressFactory] Is this a multicast interface? true
11:41:41.860 [DEBUG] [org.gradle.messaging.remote.internal.inet.InetAddressFactory] Adding loopback multicast interface WAN Miniport (L2TP)
11:41:41.860 [DEBUG] [org.gradle.messaging.remote.internal.inet.InetAddressFactory] Adding IP addresses for network interface WAN Miniport (PPTP)
11:41:41.862 [DEBUG] [org.gradle.messaging.remote.internal.inet.InetAddressFactory] Is this a loopback interface? false
11:41:41.864 [DEBUG] [org.gradle.messaging.remote.internal.inet.InetAddressFactory] Is this a multicast interface? true
11:41:41.864 [DEBUG] [org.gradle.messaging.remote.internal.inet.InetAddressFactory] Adding loopback multicast interface WAN Miniport (PPTP)
11:41:41.864 [DEBUG] [org.gradle.messaging.remote.internal.inet.InetAddressFactory] Adding IP addresses for network interface WAN Miniport (PPPOE)
11:41:41.866 [DEBUG] [org.gradle.messaging.remote.internal.inet.InetAddressFactory] Is this a loopback interface? false
11:41:41.868 [DEBUG] [org.gradle.messaging.remote.internal.inet.InetAddressFactory] Is this a multicast interface? true
11:41:41.869 [DEBUG] [org.gradle.messaging.remote.internal.inet.InetAddressFactory] Adding loopback multicast interface WAN Miniport (PPPOE)
11:41:41.869 [DEBUG] [org.gradle.messaging.remote.internal.inet.InetAddressFactory] Adding IP addresses for network interface WAN Miniport (IPv6)
11:41:41.871 [DEBUG] [org.gradle.messaging.remote.internal.inet.InetAddressFactory] Is this a loopback interface? false
11:41:41.873 [DEBUG] [org.gradle.messaging.remote.internal.inet.InetAddressFactory] Is this a multicast interface? true
11:41:41.873 [DEBUG] [org.gradle.messaging.remote.internal.inet.InetAddressFactory] Adding loopback multicast interface WAN Miniport (IPv6)
11:41:41.874 [DEBUG] [org.gradle.messaging.remote.internal.inet.InetAddressFactory] Adding IP addresses for network interface WAN Miniport (Network Monitor)
11:41:41.875 [DEBUG] [org.gradle.messaging.remote.internal.inet.InetAddressFactory] Is this a loopback interface? false
11:41:41.877 [DEBUG] [org.gradle.messaging.remote.internal.inet.InetAddressFactory] Is this a multicast interface? true
11:41:41.877 [DEBUG] [org.gradle.messaging.remote.internal.inet.InetAddressFactory] Adding loopback multicast interface WAN Miniport (Network Monitor)
11:41:41.878 [DEBUG] [org.gradle.messaging.remote.internal.inet.InetAddressFactory] Adding IP addresses for network interface WAN Miniport (IP)
11:41:41.879 [DEBUG] [org.gradle.messaging.remote.internal.inet.InetAddressFactory] Is this a loopback interface? false
11:41:41.881 [DEBUG] [org.gradle.messaging.remote.internal.inet.InetAddressFactory] Is this a multicast interface? true
11:41:41.882 [DEBUG] [org.gradle.messaging.remote.internal.inet.InetAddressFactory] Adding loopback multicast interface WAN Miniport (IP)
11:41:41.883 [DEBUG] [org.gradle.messaging.remote.internal.inet.InetAddressFactory] Adding IP addresses for network interface RAS Async Adapter
11:41:41.885 [DEBUG] [org.gradle.messaging.remote.internal.inet.InetAddressFactory] Is this a loopback interface? false
11:41:41.886 [DEBUG] [org.gradle.messaging.remote.internal.inet.InetAddressFactory] Is this a multicast interface? true
11:41:41.887 [DEBUG] [org.gradle.messaging.remote.internal.inet.InetAddressFactory] Adding loopback multicast interface RAS Async Adapter
11:41:41.887 [DEBUG] [org.gradle.messaging.remote.internal.inet.InetAddressFactory] Adding IP addresses for network interface WAN Miniport (IKEv2)
11:41:41.889 [DEBUG] [org.gradle.messaging.remote.internal.inet.InetAddressFactory] Is this a loopback interface? false
11:41:41.891 [DEBUG] [org.gradle.messaging.remote.internal.inet.InetAddressFactory] Is this a multicast interface? true
11:41:41.891 [DEBUG] [org.gradle.messaging.remote.internal.inet.InetAddressFactory] Adding loopback multicast interface WAN Miniport (IKEv2)
11:41:41.891 [DEBUG] [org.gradle.messaging.remote.internal.inet.InetAddressFactory] Adding IP addresses for network interface Broadcom 802.11n ネットワーク アダプタ
11:41:41.893 [DEBUG] [org.gradle.messaging.remote.internal.inet.InetAddressFactory] Is this a loopback interface? false
11:41:41.895 [DEBUG] [org.gradle.messaging.remote.internal.inet.InetAddressFactory] Is this a multicast interface? true
11:41:41.895 [DEBUG] [org.gradle.messaging.remote.internal.inet.InetAddressFactory] Adding remote address /192.168.1.9
11:41:41.896 [DEBUG] [org.gradle.messaging.remote.internal.inet.InetAddressFactory] Adding remote address /2001:c90:8482:13ac:b1f1:67eb:8b96:19fd
11:41:41.896 [DEBUG] [org.gradle.messaging.remote.internal.inet.InetAddressFactory] Adding remote address /2001:c90:8482:13ac:7503:b70f:4f87:16f4
11:41:41.896 [DEBUG] [org.gradle.messaging.remote.internal.inet.InetAddressFactory] Adding remote address /fe80:0:0:0:b1f1:67eb:8b96:19fd%wlan0
11:41:41.896 [DEBUG] [org.gradle.messaging.remote.internal.inet.InetAddressFactory] Adding remote multicast interface Broadcom 802.11n ネットワーク アダプタ
11:41:41.897 [DEBUG] [org.gradle.messaging.remote.internal.inet.InetAddressFactory] Adding IP addresses for network interface Broadcom Simple Communications Device
11:41:41.898 [DEBUG] [org.gradle.messaging.remote.internal.inet.InetAddressFactory] Is this a loopback interface? false
11:41:41.900 [DEBUG] [org.gradle.messaging.remote.internal.inet.InetAddressFactory] Is this a multicast interface? true
11:41:41.900 [DEBUG] [org.gradle.messaging.remote.internal.inet.InetAddressFactory] Adding loopback multicast interface Broadcom Simple Communications Device
11:41:41.901 [DEBUG] [org.gradle.messaging.remote.internal.inet.InetAddressFactory] Adding IP addresses for network interface Bluetooth デバイス (パーソナル エリア ネットワーク)
11:41:41.902 [DEBUG] [org.gradle.messaging.remote.internal.inet.InetAddressFactory] Is this a loopback interface? false
11:41:41.904 [DEBUG] [org.gradle.messaging.remote.internal.inet.InetAddressFactory] Is this a multicast interface? true
11:41:41.905 [DEBUG] [org.gradle.messaging.remote.internal.inet.InetAddressFactory] Adding remote address /fe80:0:0:0:ec8a:4b5d:7821:880c%eth4
11:41:41.905 [DEBUG] [org.gradle.messaging.remote.internal.inet.InetAddressFactory] Adding remote multicast interface Bluetooth デバイス (パーソナル エリア ネットワーク)
11:41:41.905 [DEBUG] [org.gradle.messaging.remote.internal.inet.InetAddressFactory] Adding IP addresses for network interface Bluetooth デバイス (RFCOMM プロトコル TDI)
11:41:41.907 [DEBUG] [org.gradle.messaging.remote.internal.inet.InetAddressFactory] Is this a loopback interface? false
11:41:41.908 [DEBUG] [org.gradle.messaging.remote.internal.inet.InetAddressFactory] Is this a multicast interface? true
11:41:41.909 [DEBUG] [org.gradle.messaging.remote.internal.inet.InetAddressFactory] Adding loopback multicast interface Bluetooth デバイス (RFCOMM プロトコル TDI)
11:41:41.909 [DEBUG] [org.gradle.messaging.remote.internal.inet.InetAddressFactory] Adding IP addresses for network interface Teredo Tunneling Pseudo-Interface
11:41:41.911 [DEBUG] [org.gradle.messaging.remote.internal.inet.InetAddressFactory] Is this a loopback interface? false
11:41:41.913 [DEBUG] [org.gradle.messaging.remote.internal.inet.InetAddressFactory] Is this a multicast interface? false
11:41:41.913 [DEBUG] [org.gradle.messaging.remote.internal.inet.InetAddressFactory] Adding remote address /fe80:0:0:0:0:100:7f:fffe%net5
11:41:41.913 [DEBUG] [org.gradle.messaging.remote.internal.inet.InetAddressFactory] Adding IP addresses for network interface VMware Virtual Ethernet Adapter for VMnet1
11:41:41.916 [DEBUG] [org.gradle.messaging.remote.internal.inet.InetAddressFactory] Is this a loopback interface? false
11:41:41.918 [DEBUG] [org.gradle.messaging.remote.internal.inet.InetAddressFactory] Is this a multicast interface? true
11:41:41.919 [DEBUG] [org.gradle.messaging.remote.internal.inet.InetAddressFactory] Adding remote address /192.168.255.1
11:41:41.919 [DEBUG] [org.gradle.messaging.remote.internal.inet.InetAddressFactory] Adding remote address /fe80:0:0:0:70ea:20ab:e344:5b6f%eth5
11:41:41.919 [DEBUG] [org.gradle.messaging.remote.internal.inet.InetAddressFactory] Adding remote multicast interface VMware Virtual Ethernet Adapter for VMnet1
11:41:41.919 [DEBUG] [org.gradle.messaging.remote.internal.inet.InetAddressFactory] Adding IP addresses for network interface VMware Virtual Ethernet Adapter for VMnet8
11:41:41.922 [DEBUG] [org.gradle.messaging.remote.internal.inet.InetAddressFactory] Is this a loopback interface? false
11:41:41.923 [DEBUG] [org.gradle.messaging.remote.internal.inet.InetAddressFactory] Is this a multicast interface? true
11:41:41.924 [DEBUG] [org.gradle.messaging.remote.internal.inet.InetAddressFactory] Adding remote address /192.168.81.1
11:41:41.924 [DEBUG] [org.gradle.messaging.remote.internal.inet.InetAddressFactory] Adding remote address /fe80:0:0:0:25:bba5:e4f:98db%eth6
11:41:41.924 [DEBUG] [org.gradle.messaging.remote.internal.inet.InetAddressFactory] Adding remote multicast interface VMware Virtual Ethernet Adapter for VMnet8
11:41:41.924 [DEBUG] [org.gradle.messaging.remote.internal.inet.InetAddressFactory] Adding IP addresses for network interface Microsoft Virtual WiFi Miniport Adapter
11:41:41.926 [DEBUG] [org.gradle.messaging.remote.internal.inet.InetAddressFactory] Is this a loopback interface? false
11:41:41.928 [DEBUG] [org.gradle.messaging.remote.internal.inet.InetAddressFactory] Is this a multicast interface? true
11:41:41.928 [DEBUG] [org.gradle.messaging.remote.internal.inet.InetAddressFactory] Adding remote address /fe80:0:0:0:a45a:e1b3:1ed9:888d%wlan1
11:41:41.928 [DEBUG] [org.gradle.messaging.remote.internal.inet.InetAddressFactory] Adding remote multicast interface Microsoft Virtual WiFi Miniport Adapter
11:41:41.929 [DEBUG] [org.gradle.messaging.remote.internal.inet.InetAddressFactory] Adding IP addresses for network interface Microsoft ISATAP Adapter #2
11:41:41.931 [DEBUG] [org.gradle.messaging.remote.internal.inet.InetAddressFactory] Is this a loopback interface? false
11:41:41.933 [DEBUG] [org.gradle.messaging.remote.internal.inet.InetAddressFactory] Is this a multicast interface? false
11:41:41.933 [DEBUG] [org.gradle.messaging.remote.internal.inet.InetAddressFactory] Adding remote address /fe80:0:0:0:0:5efe:c0a8:ff01%net6
11:41:41.934 [DEBUG] [org.gradle.messaging.remote.internal.inet.InetAddressFactory] Adding IP addresses for network interface Microsoft ISATAP Adapter
11:41:41.935 [DEBUG] [org.gradle.messaging.remote.internal.inet.InetAddressFactory] Is this a loopback interface? false
11:41:41.937 [DEBUG] [org.gradle.messaging.remote.internal.inet.InetAddressFactory] Is this a multicast interface? false
11:41:41.937 [DEBUG] [org.gradle.messaging.remote.internal.inet.InetAddressFactory] Adding remote address /fe80:0:0:0:0:5efe:c0a8:5101%net7
11:41:41.937 [DEBUG] [org.gradle.messaging.remote.internal.inet.InetAddressFactory] Adding IP addresses for network interface Microsoft ISATAP Adapter #3
11:41:41.940 [DEBUG] [org.gradle.messaging.remote.internal.inet.InetAddressFactory] Is this a loopback interface? false
11:41:41.942 [DEBUG] [org.gradle.messaging.remote.internal.inet.InetAddressFactory] Is this a multicast interface? false
11:41:41.943 [DEBUG] [org.gradle.messaging.remote.internal.inet.InetAddressFactory] Adding IP addresses for network interface Microsoft ISATAP Adapter #5
11:41:41.945 [DEBUG] [org.gradle.messaging.remote.internal.inet.InetAddressFactory] Is this a loopback interface? false
11:41:41.948 [DEBUG] [org.gradle.messaging.remote.internal.inet.InetAddressFactory] Is this a multicast interface? false
11:41:41.948 [DEBUG] [org.gradle.messaging.remote.internal.inet.InetAddressFactory] Adding remote address /fe80:0:0:0:0:5efe:c0a8:109%net9
11:41:41.948 [DEBUG] [org.gradle.messaging.remote.internal.inet.InetAddressFactory] Adding IP addresses for network interface Microsoft ISATAP Adapter #4
11:41:41.950 [DEBUG] [org.gradle.messaging.remote.internal.inet.InetAddressFactory] Is this a loopback interface? false
11:41:41.952 [DEBUG] [org.gradle.messaging.remote.internal.inet.InetAddressFactory] Is this a multicast interface? false
11:41:41.952 [DEBUG] [org.gradle.messaging.remote.internal.inet.InetAddressFactory] Adding IP addresses for network interface Broadcom 802.11n ネットワーク アダプタ-Virtual WiFi Filter Driver-0000
11:41:41.953 [DEBUG] [org.gradle.messaging.remote.internal.inet.InetAddressFactory] Is this a loopback interface? false
11:41:41.955 [DEBUG] [org.gradle.messaging.remote.internal.inet.InetAddressFactory] Is this a multicast interface? true
11:41:41.955 [DEBUG] [org.gradle.messaging.remote.internal.inet.InetAddressFactory] Adding loopback multicast interface Broadcom 802.11n ネットワーク アダプタ-Virtual WiFi Filter Driver-0000
11:41:41.955 [DEBUG] [org.gradle.messaging.remote.internal.inet.InetAddressFactory] Adding IP addresses for network interface Broadcom 802.11n ネットワーク アダプタ-QoS Packet Scheduler-0000
11:41:41.957 [DEBUG] [org.gradle.messaging.remote.internal.inet.InetAddressFactory] Is this a loopback interface? false
11:41:41.958 [DEBUG] [org.gradle.messaging.remote.internal.inet.InetAddressFactory] Is this a multicast interface? true
11:41:41.959 [DEBUG] [org.gradle.messaging.remote.internal.inet.InetAddressFactory] Adding loopback multicast interface Broadcom 802.11n ネットワーク アダプタ-QoS Packet Scheduler-0000
11:41:41.959 [DEBUG] [org.gradle.messaging.remote.internal.inet.InetAddressFactory] Adding IP addresses for network interface WAN Miniport (Network Monitor)-QoS Packet Scheduler-0000
11:41:41.960 [DEBUG] [org.gradle.messaging.remote.internal.inet.InetAddressFactory] Is this a loopback interface? false
11:41:41.962 [DEBUG] [org.gradle.messaging.remote.internal.inet.InetAddressFactory] Is this a multicast interface? true
11:41:41.962 [DEBUG] [org.gradle.messaging.remote.internal.inet.InetAddressFactory] Adding loopback multicast interface WAN Miniport (Network Monitor)-QoS Packet Scheduler-0000
11:41:41.962 [DEBUG] [org.gradle.messaging.remote.internal.inet.InetAddressFactory] Adding IP addresses for network interface WAN Miniport (IP)-QoS Packet Scheduler-0000
11:41:41.964 [DEBUG] [org.gradle.messaging.remote.internal.inet.InetAddressFactory] Is this a loopback interface? false
11:41:41.966 [DEBUG] [org.gradle.messaging.remote.internal.inet.InetAddressFactory] Is this a multicast interface? true
11:41:41.966 [DEBUG] [org.gradle.messaging.remote.internal.inet.InetAddressFactory] Adding loopback multicast interface WAN Miniport (IP)-QoS Packet Scheduler-0000
11:41:41.966 [DEBUG] [org.gradle.messaging.remote.internal.inet.InetAddressFactory] Adding IP addresses for network interface WAN Miniport (IPv6)-QoS Packet Scheduler-0000
11:41:41.968 [DEBUG] [org.gradle.messaging.remote.internal.inet.InetAddressFactory] Is this a loopback interface? false
11:41:41.969 [DEBUG] [org.gradle.messaging.remote.internal.inet.InetAddressFactory] Is this a multicast interface? true
11:41:41.970 [DEBUG] [org.gradle.messaging.remote.internal.inet.InetAddressFactory] Adding loopback multicast interface WAN Miniport (IPv6)-QoS Packet Scheduler-0000
11:41:41.970 [DEBUG] [org.gradle.messaging.remote.internal.inet.InetAddressFactory] Adding IP addresses for network interface Broadcom 802.11n ネットワーク アダプタ-Native WiFi Filter Driver-0000
11:41:41.971 [DEBUG] [org.gradle.messaging.remote.internal.inet.InetAddressFactory] Is this a loopback interface? false
11:41:41.973 [DEBUG] [org.gradle.messaging.remote.internal.inet.InetAddressFactory] Is this a multicast interface? true
11:41:41.973 [DEBUG] [org.gradle.messaging.remote.internal.inet.InetAddressFactory] Adding loopback multicast interface Broadcom 802.11n ネットワーク アダプタ-Native WiFi Filter Driver-0000
11:41:41.974 [DEBUG] [org.gradle.messaging.remote.internal.inet.InetAddressFactory] Adding IP addresses for network interface Broadcom 802.11n ネットワーク アダプタ-WFP LightWeight Filter-0000
11:41:41.975 [DEBUG] [org.gradle.messaging.remote.internal.inet.InetAddressFactory] Is this a loopback interface? false
11:41:41.977 [DEBUG] [org.gradle.messaging.remote.internal.inet.InetAddressFactory] Is this a multicast interface? true
11:41:41.977 [DEBUG] [org.gradle.messaging.remote.internal.inet.InetAddressFactory] Adding loopback multicast interface Broadcom 802.11n ネットワーク アダプタ-WFP LightWeight Filter-0000
11:41:41.977 [DEBUG] [org.gradle.messaging.remote.internal.inet.InetAddressFactory] Adding IP addresses for network interface Microsoft Virtual WiFi Miniport Adapter-Native WiFi Filter Driver-0000
11:41:41.979 [DEBUG] [org.gradle.messaging.remote.internal.inet.InetAddressFactory] Is this a loopback interface? false
11:41:41.981 [DEBUG] [org.gradle.messaging.remote.internal.inet.InetAddressFactory] Is this a multicast interface? true
11:41:41.981 [DEBUG] [org.gradle.messaging.remote.internal.inet.InetAddressFactory] Adding loopback multicast interface Microsoft Virtual WiFi Miniport Adapter-Native WiFi Filter Driver-0000
11:41:41.981 [DEBUG] [org.gradle.messaging.remote.internal.inet.InetAddressFactory] Adding IP addresses for network interface Microsoft Virtual WiFi Miniport Adapter-QoS Packet Scheduler-0000
11:41:41.983 [DEBUG] [org.gradle.messaging.remote.internal.inet.InetAddressFactory] Is this a loopback interface? false
11:41:41.986 [DEBUG] [org.gradle.messaging.remote.internal.inet.InetAddressFactory] Is this a multicast interface? true
11:41:41.986 [DEBUG] [org.gradle.messaging.remote.internal.inet.InetAddressFactory] Adding loopback multicast interface Microsoft Virtual WiFi Miniport Adapter-QoS Packet Scheduler-0000
11:41:41.986 [DEBUG] [org.gradle.messaging.remote.internal.inet.InetAddressFactory] Adding IP addresses for network interface Microsoft Virtual WiFi Miniport Adapter-WFP LightWeight Filter-0000
11:41:41.989 [DEBUG] [org.gradle.messaging.remote.internal.inet.InetAddressFactory] Is this a loopback interface? false
11:41:41.991 [DEBUG] [org.gradle.messaging.remote.internal.inet.InetAddressFactory] Is this a multicast interface? true
11:41:41.992 [DEBUG] [org.gradle.messaging.remote.internal.inet.InetAddressFactory] Adding loopback multicast interface Microsoft Virtual WiFi Miniport Adapter-WFP LightWeight Filter-0000
11:41:42.110 [DEBUG] [org.gradle.messaging.remote.internal.inet.TcpIncomingConnector] Listening on [062954a6-7328-45c5-bf18-0337bb4c16c5 port:57345, addresses:[/127.0.0.1, /0:0:0:0:0:0:0:1]].
11:41:42.114 [DEBUG] [org.gradle.launcher.daemon.server.Daemon] Daemon starting at: Wed Jul 27 11:41:42 JST 2016, with address: [062954a6-7328-45c5-bf18-0337bb4c16c5 port:57345, addresses:[/127.0.0.1, /0:0:0:0:0:0:0:1]]
11:41:42.114 [INFO] [org.gradle.launcher.daemon.server.DomainRegistryUpdater] Advertising the daemon address to the clients: [062954a6-7328-45c5-bf18-0337bb4c16c5 port:57345, addresses:[/127.0.0.1, /0:0:0:0:0:0:0:1]]
11:41:42.114 [DEBUG] [org.gradle.launcher.daemon.server.DomainRegistryUpdater] Advertised daemon context: DefaultDaemonContext[uid=6cb10aa9-4195-4d64-b2fe-e84b3002e633,javaHome=C:\Home\00.Tools\eclipse4.5\pleiades\eclipse\jre,daemonRegistryDir=C:\Home\02.Programs\EclipseWorkspace\squid\daemon,pid=4656,idleTimeout=10800000,daemonOpts=-XX:MaxPermSize=256m,-XX:+HeapDumpOnOutOfMemoryError,-Xmx1024m,-Dfile.encoding=windows-31j,-Duser.country=JP,-Duser.language=ja,-Duser.variant]
11:41:42.115 [DEBUG] [org.gradle.launcher.daemon.registry.PersistentDaemonRegistry] Storing daemon address: [062954a6-7328-45c5-bf18-0337bb4c16c5 port:57345, addresses:[/127.0.0.1, /0:0:0:0:0:0:0:1]], context: DefaultDaemonContext[uid=6cb10aa9-4195-4d64-b2fe-e84b3002e633,javaHome=C:\Home\00.Tools\eclipse4.5\pleiades\eclipse\jre,daemonRegistryDir=C:\Home\02.Programs\EclipseWorkspace\squid\daemon,pid=4656,idleTimeout=10800000,daemonOpts=-XX:MaxPermSize=256m,-XX:+HeapDumpOnOutOfMemoryError,-Xmx1024m,-Dfile.encoding=windows-31j,-Duser.country=JP,-Duser.language=ja,-Duser.variant]
11:41:42.125 [DEBUG] [org.gradle.cache.internal.DefaultFileLockManager] Waiting to acquire exclusive lock on daemon addresses registry.
11:41:42.127 [DEBUG] [org.gradle.cache.internal.DefaultFileLockManager] Lock acquired.
11:41:42.129 [DEBUG] [org.gradle.cache.internal.DefaultFileLockManager] Releasing lock on daemon addresses registry.
11:41:42.133 [DEBUG] [org.gradle.cache.internal.DefaultFileLockManager] Waiting to acquire exclusive lock on daemon addresses registry.
11:41:42.133 [DEBUG] [org.gradle.cache.internal.DefaultFileLockManager] Lock acquired.
11:41:42.160 [DEBUG] [org.gradle.cache.internal.DefaultFileLockManager] Releasing lock on daemon addresses registry.
11:41:42.161 [LIFECYCLE] [org.gradle.launcher.daemon.server.Daemon] Daemon server started.
11:41:42.164 [DEBUG] [org.gradle.launcher.daemon.bootstrap.DaemonStartupCommunication] Completed writing the daemon greeting. Closing streams...
11:41:42.164 [DEBUG] [org.gradle.launcher.daemon.server.Daemon] requestStopOnIdleTimeout(10800000 MILLISECONDS) called on daemon
11:41:42.165 [DEBUG] [org.gradle.launcher.daemon.server.DaemonStateCoordinator] Idle timeout: waiting for daemon to stop or be idle for 10800000ms
11:41:42.166 [DEBUG] [org.gradle.launcher.daemon.server.DaemonStateCoordinator] Daemon is idle, sleeping until state change or idle timeout at Wed Jul 27 14:41:41 JST 2016
11:41:42.192 [DEBUG] [org.gradle.messaging.remote.internal.inet.TcpIncomingConnector] Accepted connection from /127.0.0.1:57346 to /127.0.0.1:57345.
11:41:42.377 [DEBUG] [org.gradle.launcher.daemon.server.SynchronizedDispatchConnection] thread 15: received class org.gradle.launcher.daemon.protocol.Build
11:41:42.378 [DEBUG] [org.gradle.launcher.daemon.server.DefaultDaemonConnection] Received non-IO message from client: Build{id=f1b10052-7422-4b4b-b347-61c65588da0d.1, currentDir=C:\Home\00.Tools\eclipse4.5\pleiades\eclipse}
11:41:42.379 [INFO] [org.gradle.launcher.daemon.server.DefaultIncomingConnectionHandler] Received command: Build{id=f1b10052-7422-4b4b-b347-61c65588da0d.1, currentDir=C:\Home\00.Tools\eclipse4.5\pleiades\eclipse}.
11:41:42.379 [DEBUG] [org.gradle.launcher.daemon.server.DefaultIncomingConnectionHandler] Starting executing command: Build{id=f1b10052-7422-4b4b-b347-61c65588da0d.1, currentDir=C:\Home\00.Tools\eclipse4.5\pleiades\eclipse} with connection: socket connection from /127.0.0.1:57345 to /127.0.0.1:57346.
11:41:42.390 [DEBUG] [org.gradle.launcher.daemon.server.DaemonStateCoordinator] Command execution: started DaemonCommandExecution[command = Build{id=f1b10052-7422-4b4b-b347-61c65588da0d.1, currentDir=C:\Home\00.Tools\eclipse4.5\pleiades\eclipse}, connection = org.gradle.launcher.daemon.server.DefaultDaemonConnection@25db6a9b] after 0.0 minutes of idle
11:41:42.391 [INFO] [org.gradle.launcher.daemon.server.DomainRegistryUpdater] Marking the daemon as busy, address: [062954a6-7328-45c5-bf18-0337bb4c16c5 port:57345, addresses:[/127.0.0.1, /0:0:0:0:0:0:0:1]]
11:41:42.391 [DEBUG] [org.gradle.launcher.daemon.registry.PersistentDaemonRegistry] Marking busy by address: [062954a6-7328-45c5-bf18-0337bb4c16c5 port:57345, addresses:[/127.0.0.1, /0:0:0:0:0:0:0:1]]
11:41:42.392 [DEBUG] [org.gradle.cache.internal.DefaultFileLockManager] Waiting to acquire exclusive lock on daemon addresses registry.
11:41:42.393 [DEBUG] [org.gradle.cache.internal.DefaultFileLockManager] Lock acquired.
11:41:42.398 [DEBUG] [org.gradle.cache.internal.DefaultFileLockManager] Releasing lock on daemon addresses registry.
11:41:42.399 [DEBUG] [org.gradle.launcher.daemon.server.DaemonStateCoordinator] updating lastActivityAt to 1469587302399
11:41:42.399 [DEBUG] [org.gradle.launcher.daemon.server.DaemonStateCoordinator] Daemon is busy, sleeping until state changes.
11:41:42.400 [INFO] [org.gradle.launcher.daemon.server.exec.StartBuildOrRespondWithBusy] Daemon is about to start building Build{id=f1b10052-7422-4b4b-b347-61c65588da0d.1, currentDir=C:\Home\00.Tools\eclipse4.5\pleiades\eclipse}. Dispatching build started information...
11:41:42.400 [DEBUG] [org.gradle.launcher.daemon.server.SynchronizedDispatchConnection] thread 17: dispatching class org.gradle.launcher.daemon.protocol.BuildStarted
11:41:42.404 [DEBUG] [org.gradle.launcher.daemon.server.exec.EstablishBuildEnvironment] Configuring env variables: {LOCALAPPDATA=C:\Users\kohei\AppData\Local, PROCESSOR_LEVEL=6, FP_NO_HOST_CHECK=NO, USERDOMAIN=kohei-PC, LOGONSERVER=\\KOHEI-PC, SESSIONNAME=Console, ALLUSERSPROFILE=C:\ProgramData, PROCESSOR_ARCHITECTURE=AMD64, VS120COMNTOOLS=C:\Program Files (x86)\Microsoft Visual Studio 12.0\Common7\Tools\, PSModulePath=C:\Windows\system32\WindowsPowerShell\v1.0\Modules\, SystemDrive=C:, APPDATA=C:\Users\kohei\AppData\Roaming, USERNAME=kohei, windows_tracing_logfile=C:\BVTBin\Tests\installpackage\csilogfile.log, ProgramFiles(x86)=C:\Program Files (x86), CommonProgramFiles=C:\Program Files\Common Files, Path=C:/Home/00.Tools/eclipse4.5/pleiades/eclipse/jre/bin/../jre/bin/server;C:/Home/00.Tools/eclipse4.5/pleiades/eclipse/jre/bin/../jre/bin;C:/Home/00.Tools/eclipse4.5/pleiades/eclipse/jre/bin/../jre/lib/amd64;C:\ProgramData\Oracle\Java\javapath;C:\Windows\system32;C:\Windows;C:\Windows\System32\Wbem;C:\Windows\System32\WindowsPowerShell\v1.0\;C:\Program Files (x86)\Intel\OpenCL SDK\2.0\bin\x86;C:\Program Files (x86)\Intel\OpenCL SDK\2.0\bin\x64;C:\MinGW\bin;C:\Program Files\Microsoft\Web Platform Installer\;C:\Program Files (x86)\Microsoft SQL Server\100\Tools\Binn\;C:\Program Files\Microsoft SQL Server\100\Tools\Binn\;C:\Program Files\Microsoft SQL Server\100\DTS\Binn\;C:\Program Files (x86)\Microsoft ASP.NET\ASP.NET Web Pages\v1.0\;C:\Program Files\Microsoft SQL Server\110\Tools\Binn\;C:\Program Files\Java\jdk1.8.0\bin;C:\Home\00.Tools\eclipse4.5\pleiades\eclipse;, PATHEXT=.COM;.EXE;.BAT;.CMD;.VBS;.VBE;.JS;.JSE;.WSF;.WSH;.MSC, OS=Windows_NT, windows_tracing_flags=3, COMPUTERNAME=KOHEI-PC, PROCESSOR_REVISION=3a09, CommonProgramW6432=C:\Program Files\Common Files, ComSpec=C:\Windows\system32\cmd.exe, ProgramData=C:\ProgramData, ProgramW6432=C:\Program Files, HOMEPATH=\Users\kohei, SystemRoot=C:\Windows, TEMP=C:\Users\kohei\AppData\Local\Temp, HOMEDRIVE=C:, PROCESSOR_IDENTIFIER=Intel64 Family 6 Model 58 Stepping 9, GenuineIntel, USERPROFILE=C:\Users\kohei, TMP=C:\Users\kohei\AppData\Local\Temp, CommonProgramFiles(x86)=C:\Program Files (x86)\Common Files, ProgramFiles=C:\Program Files, PUBLIC=C:\Users\Public, NUMBER_OF_PROCESSORS=4, windir=C:\Windows, =::=::\}
11:41:42.419 [DEBUG] [org.gradle.launcher.daemon.server.exec.LogToClient] About to start relaying all logs to the client via the connection.
11:41:42.420 [INFO] [org.gradle.launcher.daemon.server.exec.LogToClient] The client will now receive all logging from the daemon (pid: 4656). The daemon log file: C:\Home\02.Programs\EclipseWorkspace\squid\daemon\2.13\daemon-4656.out.log
11:41:42.428 [INFO] [org.gradle.launcher.daemon.server.health.DaemonHealthTracker] Starting build in new daemon [memory: 954.7 MB]
11:41:42.432 [DEBUG] [org.gradle.launcher.daemon.server.exec.ExecuteBuild] The daemon has started executing the build.
11:41:42.433 [INFO] [org.gradle.launcher.daemon.server.exec.ExecuteBuild] Executing build with daemon context: DefaultDaemonContext[uid=6cb10aa9-4195-4d64-b2fe-e84b3002e633,javaHome=C:\Home\00.Tools\eclipse4.5\pleiades\eclipse\jre,daemonRegistryDir=C:\Home\02.Programs\EclipseWorkspace\squid\daemon,pid=4656,idleTimeout=10800000,daemonOpts=-XX:MaxPermSize=256m,-XX:+HeapDumpOnOutOfMemoryError,-Xmx1024m,-Dfile.encoding=windows-31j,-Duser.country=JP,-Duser.language=ja,-Duser.variant]
11:41:42.888 [DEBUG] [org.gradle.internal.nativeintegration.services.NativeServices] Native-platform posix files is not available.  Continuing with fallback.
11:41:42.892 [DEBUG] [org.gradle.internal.nativeintegration.filesystem.services.FileSystemServices] Using JDK 7 file service org.gradle.internal.nativeintegration.filesystem.jdk7.WindowsJdk7Symlink
Download https://repo1.maven.org/maven2/org/springframework/boot/spring-boot-gradle-plugin/1.3.6.RELEASE/spring-boot-gradle-plugin-1.3.6.RELEASE.pom
Download https://repo1.maven.org/maven2/org/springframework/boot/spring-boot-loader-tools/1.3.6.RELEASE/spring-boot-loader-tools-1.3.6.RELEASE.pom
Download https://repo1.maven.org/maven2/io/spring/gradle/dependency-management-plugin/0.5.7.RELEASE/dependency-management-plugin-0.5.7.RELEASE.pom
Download https://repo1.maven.org/maven2/commons-logging/commons-logging/1.2/commons-logging-1.2.pom
Download https://repo1.maven.org/maven2/org/apache/commons/commons-parent/34/commons-parent-34.pom
Download https://repo1.maven.org/maven2/org/springframework/boot/spring-boot-gradle-plugin/1.3.6.RELEASE/spring-boot-gradle-plugin-1.3.6.RELEASE.jar
Download https://repo1.maven.org/maven2/org/springframework/boot/spring-boot-loader-tools/1.3.6.RELEASE/spring-boot-loader-tools-1.3.6.RELEASE.jar
Download https://repo1.maven.org/maven2/io/spring/gradle/dependency-management-plugin/0.5.7.RELEASE/dependency-management-plugin-0.5.7.RELEASE.jar
Download https://repo1.maven.org/maven2/commons-logging/commons-logging/1.2/commons-logging-1.2.jar
C:\Home\00.Tools\eclipse4.5\pleiades\eclipse
:clean
:processResources
:compileJava
Download https://repo1.maven.org/maven2/org/springframework/boot/spring-boot-starter-jdbc/1.3.6.RELEASE/spring-boot-starter-jdbc-1.3.6.RELEASE.pom
Download https://repo1.maven.org/maven2/org/springframework/boot/spring-boot-starter-thymeleaf/1.3.6.RELEASE/spring-boot-starter-thymeleaf-1.3.6.RELEASE.pom
Download https://repo1.maven.org/maven2/org/seasar/doma/boot/doma-spring-boot-starter/1.0.2/doma-spring-boot-starter-1.0.2.pom
Download https://repo1.maven.org/maven2/org/seasar/doma/boot/doma-spring-boot/1.0.2/doma-spring-boot-1.0.2.pom
Download https://repo1.maven.org/maven2/org/springframework/boot/spring-boot-dependencies/1.3.3.RELEASE/spring-boot-dependencies-1.3.3.RELEASE.pom
Download https://repo1.maven.org/maven2/org/springframework/spring-framework-bom/4.2.5.RELEASE/spring-framework-bom-4.2.5.RELEASE.pom
Download https://repo1.maven.org/maven2/org/springframework/integration/spring-integration-bom/4.2.5.RELEASE/spring-integration-bom-4.2.5.RELEASE.pom
Download https://repo1.maven.org/maven2/org/springframework/security/spring-security-bom/4.0.3.RELEASE/spring-security-bom-4.0.3.RELEASE.pom
Download https://repo1.maven.org/maven2/org/apache/tomcat/tomcat-jdbc/8.0.36/tomcat-jdbc-8.0.36.pom
Download https://repo1.maven.org/maven2/org/springframework/spring-jdbc/4.2.7.RELEASE/spring-jdbc-4.2.7.RELEASE.pom
Download https://repo1.maven.org/maven2/org/thymeleaf/thymeleaf-spring4/2.1.4.RELEASE/thymeleaf-spring4-2.1.4.RELEASE.pom
Download https://repo1.maven.org/maven2/nz/net/ultraq/thymeleaf/thymeleaf-layout-dialect/1.3.3/thymeleaf-layout-dialect-1.3.3.pom
Download https://repo1.maven.org/maven2/org/seasar/doma/boot/doma-spring-boot-autoconfigure/1.0.2/doma-spring-boot-autoconfigure-1.0.2.pom
Download https://repo1.maven.org/maven2/org/apache/tomcat/tomcat-juli/8.0.36/tomcat-juli-8.0.36.pom
Download https://repo1.maven.org/maven2/org/thymeleaf/thymeleaf/2.1.4.RELEASE/thymeleaf-2.1.4.RELEASE.pom
Download https://repo1.maven.org/maven2/org/codehaus/groovy/groovy/2.4.7/groovy-2.4.7.pom
Download https://repo1.maven.org/maven2/org/seasar/doma/doma/2.6.2/doma-2.6.2.pom
Download https://repo1.maven.org/maven2/org/springframework/data/spring-data-commons/1.11.4.RELEASE/spring-data-commons-1.11.4.RELEASE.pom
Download https://repo1.maven.org/maven2/org/springframework/data/build/spring-data-parent/1.7.4.RELEASE/spring-data-parent-1.7.4.RELEASE.pom
Download https://repo1.maven.org/maven2/org/springframework/spring-framework-bom/4.1.9.RELEASE/spring-framework-bom-4.1.9.RELEASE.pom
Download https://repo1.maven.org/maven2/ognl/ognl/3.0.8/ognl-3.0.8.pom
Download https://repo1.maven.org/maven2/org/unbescape/unbescape/1.1.0.RELEASE/unbescape-1.1.0.RELEASE.pom
Download https://repo1.maven.org/maven2/org/springframework/boot/spring-boot-starter-jdbc/1.3.6.RELEASE/spring-boot-starter-jdbc-1.3.6.RELEASE.jar
Download https://repo1.maven.org/maven2/org/springframework/boot/spring-boot-starter-thymeleaf/1.3.6.RELEASE/spring-boot-starter-thymeleaf-1.3.6.RELEASE.jar
Download https://repo1.maven.org/maven2/org/seasar/doma/boot/doma-spring-boot-starter/1.0.2/doma-spring-boot-starter-1.0.2.jar
Download https://repo1.maven.org/maven2/org/apache/tomcat/tomcat-jdbc/8.0.36/tomcat-jdbc-8.0.36.jar
Download https://repo1.maven.org/maven2/org/springframework/spring-jdbc/4.2.7.RELEASE/spring-jdbc-4.2.7.RELEASE.jar
Download https://repo1.maven.org/maven2/org/thymeleaf/thymeleaf-spring4/2.1.4.RELEASE/thymeleaf-spring4-2.1.4.RELEASE.jar
Download https://repo1.maven.org/maven2/nz/net/ultraq/thymeleaf/thymeleaf-layout-dialect/1.3.3/thymeleaf-layout-dialect-1.3.3.jar
Download https://repo1.maven.org/maven2/org/seasar/doma/boot/doma-spring-boot-autoconfigure/1.0.2/doma-spring-boot-autoconfigure-1.0.2.jar
Download https://repo1.maven.org/maven2/org/springframework/boot/spring-boot-autoconfigure/1.3.6.RELEASE/spring-boot-autoconfigure-1.3.6.RELEASE.jar
Download https://repo1.maven.org/maven2/org/apache/tomcat/tomcat-juli/8.0.36/tomcat-juli-8.0.36.jar
Download https://repo1.maven.org/maven2/org/springframework/spring-beans/4.2.7.RELEASE/spring-beans-4.2.7.RELEASE.jar
Download https://repo1.maven.org/maven2/org/springframework/spring-aop/4.2.7.RELEASE/spring-aop-4.2.7.RELEASE.jar
Download https://repo1.maven.org/maven2/org/springframework/spring-context/4.2.7.RELEASE/spring-context-4.2.7.RELEASE.jar
Download https://repo1.maven.org/maven2/org/springframework/spring-expression/4.2.7.RELEASE/spring-expression-4.2.7.RELEASE.jar
Download https://repo1.maven.org/maven2/org/thymeleaf/thymeleaf/2.1.4.RELEASE/thymeleaf-2.1.4.RELEASE.jar
Download https://repo1.maven.org/maven2/org/codehaus/groovy/groovy/2.4.7/groovy-2.4.7.jar
Download https://repo1.maven.org/maven2/org/seasar/doma/doma/2.6.2/doma-2.6.2.jar
Download https://repo1.maven.org/maven2/org/springframework/data/spring-data-commons/1.11.4.RELEASE/spring-data-commons-1.11.4.RELEASE.jar
Download https://repo1.maven.org/maven2/org/slf4j/log4j-over-slf4j/1.7.21/log4j-over-slf4j-1.7.21.jar
Download https://repo1.maven.org/maven2/ognl/ognl/3.0.8/ognl-3.0.8.jar
Download https://repo1.maven.org/maven2/org/unbescape/unbescape/1.1.0.RELEASE/unbescape-1.1.0.RELEASE.jar
Download https://repo1.maven.org/maven2/ch/qos/logback/logback-core/1.1.7/logback-core-1.1.7.jar
:compileJava FAILED

FAILURE: Build failed with an exception.

* What went wrong:
Execution failed for task ':compileJava'.
> ディレクトリがありません: build/apt_generated

* Try:
Run with --stacktrace option to get the stack trace. Run with --info or --debug option to get more log output.

BUILD FAILED

Total time: 1 mins 39.846 secs
11:43:20.397 [DEBUG] [org.gradle.cache.internal.btree.BTreePersistentIndexedCache] Closing cache fileHashes.bin (C:\Home\02.Programs\EclipseWorkspace\squid\.gradle\2.13\taskArtifacts\fileHashes.bin)
11:43:20.398 [DEBUG] [org.gradle.cache.internal.btree.BTreePersistentIndexedCache] Closing cache taskArtifacts.bin (C:\Home\02.Programs\EclipseWorkspace\squid\.gradle\2.13\taskArtifacts\taskArtifacts.bin)
11:43:20.400 [DEBUG] [org.gradle.cache.internal.btree.BTreePersistentIndexedCache] Closing cache fileSnapshots.bin (C:\Home\02.Programs\EclipseWorkspace\squid\.gradle\2.13\taskArtifacts\fileSnapshots.bin)
11:43:20.400 [DEBUG] [org.gradle.cache.internal.DefaultFileLockManager] Releasing lock on task history cache (C:\Home\02.Programs\EclipseWorkspace\squid\.gradle\2.13\taskArtifacts).
11:43:20.401 [DEBUG] [org.gradle.cache.internal.DefaultCacheAccess] Cache Generated Gradle JARs cache (C:\Home\02.Programs\EclipseWorkspace\squid\caches\2.13\generated-gradle-jars) was closed 0 times.
11:43:20.401 [DEBUG] [org.gradle.cache.internal.btree.BTreePersistentIndexedCache] Closing cache module-metadata.bin (C:\Home\02.Programs\EclipseWorkspace\squid\caches\modules-2\metadata-2.16\module-metadata.bin)
11:43:20.402 [DEBUG] [org.gradle.cache.internal.btree.BTreePersistentIndexedCache] Closing cache artifact-at-url.bin (C:\Home\02.Programs\EclipseWorkspace\squid\caches\modules-2\metadata-2.16\artifact-at-url.bin)
11:43:20.403 [DEBUG] [org.gradle.cache.internal.btree.BTreePersistentIndexedCache] Closing cache artifact-at-repository.bin (C:\Home\02.Programs\EclipseWorkspace\squid\caches\modules-2\metadata-2.16\artifact-at-repository.bin)
11:43:20.403 [DEBUG] [org.gradle.cache.internal.DefaultFileLockManager] Releasing lock on artifact cache (C:\Home\02.Programs\EclipseWorkspace\squid\caches\modules-2).
11:43:20.404 [DEBUG] [org.gradle.api.internal.artifacts.ivyservice.ivyresolve.memcache.InMemoryCachedRepositoryFactory] In-memory dependency metadata cache closed. Repos cached: 105, cache instances: 2, modules served from cache: 394, artifacts: 303
11:43:20.406 [DEBUG] [org.gradle.api.internal.artifacts.ivyservice.resolveengine.store.CachedStoreFactory] Resolution result cache closed. Cache reads: 0, disk reads: 0 (avg: 0.0 secs, total: 0.0 secs)
11:43:20.407 [DEBUG] [org.gradle.api.internal.artifacts.ivyservice.resolveengine.store.CachedStoreFactory] Resolution result cache closed. Cache reads: 1, disk reads: 1 (avg: 0.014 secs, total: 0.014 secs)
11:43:20.407 [DEBUG] [org.gradle.api.internal.artifacts.ivyservice.resolveengine.store.ResolutionResultsStoreFactory] Deleted 2 resolution results binary files in 0.002 secs
11:43:20.408 [DEBUG] [org.gradle.cache.internal.DefaultCacheAccess] Cache Plugin Resolution Cache (C:\Home\02.Programs\EclipseWorkspace\squid\caches\2.13\plugin-resolution) was closed 0 times.
11:43:20.408 [DEBUG] [org.gradle.api.internal.tasks.compile.daemon.CompilerDaemonManager] Stopping 0 compiler daemon(s).
11:43:20.408 [INFO] [org.gradle.api.internal.tasks.compile.daemon.CompilerDaemonManager] Stopped 0 compiler daemon(s).
11:43:20.409 [DEBUG] [org.gradle.launcher.daemon.server.exec.ExecuteBuild] The daemon has finished executing the build.
11:43:20.649 [DEBUG] [org.gradle.launcher.daemon.server.DaemonStateCoordinator] Daemon is busy, sleeping until state changes.
11:43:20.649 [DEBUG] [org.apache.http.impl.conn.PoolingHttpClientConnectionManager] Connection manager is shutting down
11:43:20.650 [DEBUG] [org.gradle.launcher.daemon.server.DaemonStateCoordinator] Command execution: finished waiting for DaemonCommandExecution[command = Build{id=f1b10052-7422-4b4b-b347-61c65588da0d.1, currentDir=C:\Home\00.Tools\eclipse4.5\pleiades\eclipse}, connection = org.gradle.launcher.daemon.server.DefaultDaemonConnection@25db6a9b]. Result org.gradle.launcher.daemon.server.DaemonStateCoordinator@51ec9475 with state Running
11:43:20.650 [DEBUG] [org.apache.http.impl.conn.DefaultManagedHttpClientConnection] http-outgoing-3: Close connection
11:43:20.650 [DEBUG] [org.gradle.launcher.daemon.server.DaemonStateCoordinator] Command execution: completed DaemonCommandExecution[command = Build{id=f1b10052-7422-4b4b-b347-61c65588da0d.1, currentDir=C:\Home\00.Tools\eclipse4.5\pleiades\eclipse}, connection = org.gradle.launcher.daemon.server.DefaultDaemonConnection@25db6a9b]
11:43:20.650 [DEBUG] [org.gradle.launcher.daemon.server.DaemonStateCoordinator] updating lastActivityAt to 1469587400650
11:43:20.650 [DEBUG] [org.apache.http.impl.conn.DefaultManagedHttpClientConnection] http-outgoing-3: Close connection
11:43:20.651 [INFO] [org.gradle.launcher.daemon.server.DomainRegistryUpdater] Marking the daemon as idle, address: [062954a6-7328-45c5-bf18-0337bb4c16c5 port:57345, addresses:[/127.0.0.1, /0:0:0:0:0:0:0:1]]
11:43:20.651 [DEBUG] [org.apache.http.impl.conn.PoolingHttpClientConnectionManager] Connection manager shut down
11:43:20.651 [DEBUG] [org.gradle.launcher.daemon.registry.PersistentDaemonRegistry] Marking idle by address: [062954a6-7328-45c5-bf18-0337bb4c16c5 port:57345, addresses:[/127.0.0.1, /0:0:0:0:0:0:0:1]]
11:43:20.651 [DEBUG] [org.apache.http.impl.conn.PoolingHttpClientConnectionManager] Connection manager is shutting down
11:43:20.652 [DEBUG] [org.apache.http.impl.conn.DefaultManagedHttpClientConnection] http-outgoing-0: Close connection
11:43:20.652 [DEBUG] [org.apache.http.impl.conn.DefaultManagedHttpClientConnection] http-outgoing-0: Close connection
11:43:20.652 [DEBUG] [org.apache.http.impl.conn.PoolingHttpClientConnectionManager] Connection manager shut down
11:43:20.653 [DEBUG] [org.gradle.cache.internal.DefaultFileLockManager] Waiting to acquire exclusive lock on daemon addresses registry.
11:43:20.653 [DEBUG] [org.gradle.cache.internal.DefaultFileLockManager] Lock acquired.
11:43:20.656 [DEBUG] [org.gradle.cache.internal.DefaultFileLockManager] Releasing lock on daemon addresses registry.
11:43:20.657 [DEBUG] [org.gradle.launcher.daemon.server.DaemonStateCoordinator] Daemon is idle, sleeping until state change or idle timeout at Wed Jul 27 14:43:20 JST 2016
11:43:20.657 [DEBUG] [org.gradle.launcher.daemon.server.exec.ReturnResult] Daemon is dispatching the build result: Failure[value=org.gradle.initialization.ReportedException: org.gradle.internal.exceptions.LocationAwareException: Execution failed for task ':compileJava'.]
11:43:20.657 [DEBUG] [org.gradle.launcher.daemon.server.SynchronizedDispatchConnection] thread 14: dispatching class org.gradle.launcher.daemon.protocol.Failure
11:43:20.689 [DEBUG] [org.gradle.launcher.daemon.server.DefaultIncomingConnectionHandler] Finishing executing command: Build{id=f1b10052-7422-4b4b-b347-61c65588da0d.1, currentDir=C:\Home\00.Tools\eclipse4.5\pleiades\eclipse}
11:43:20.712 [DEBUG] [org.gradle.launcher.daemon.server.SynchronizedDispatchConnection] thread 15: received class org.gradle.launcher.daemon.protocol.CloseInput
11:43:20.713 [DEBUG] [org.gradle.launcher.daemon.server.DefaultDaemonConnection] Received IO message from client: org.gradle.launcher.daemon.protocol.CloseInput@511d8d83
11:43:20.715 [DEBUG] [org.gradle.launcher.daemon.server.SynchronizedDispatchConnection] thread 15: received class org.gradle.launcher.daemon.protocol.Finished
11:43:20.716 [DEBUG] [org.gradle.launcher.daemon.server.DefaultDaemonConnection] Received non-IO message from client: org.gradle.launcher.daemon.protocol.Finished@1c7664c3
11:43:20.716 [DEBUG] [org.gradle.launcher.daemon.server.DefaultIncomingConnectionHandler] Received finished message: org.gradle.launcher.daemon.protocol.Finished@1c7664c3
11:43:20.716 [DEBUG] [org.gradle.launcher.daemon.server.SynchronizedDispatchConnection] thread 14: stopping connection
11:43:20.720 [DEBUG] [org.gradle.messaging.remote.internal.inet.SocketConnection] Discarding EOFException: java.io.EOFException
11:43:20.720 [DEBUG] [org.gradle.launcher.daemon.server.SynchronizedDispatchConnection] thread 15: received null
11:43:20.720 [DEBUG] [org.gradle.launcher.daemon.server.DefaultDaemonConnection] Received end-of-input from client.
11:43:20.721 [DEBUG] [org.gradle.launcher.daemon.server.SynchronizedDispatchConnection] thread 14: stopping connection
14:43:20.651 [DEBUG] [org.gradle.launcher.daemon.server.DaemonStateCoordinator] Idle timeout: daemon has been idle for requested period. Stopping now.
14:43:20.652 [DEBUG] [org.gradle.launcher.daemon.server.DaemonStateCoordinator] Marking daemon stopped due to idle timeout. The daemon is running a build: false
14:43:20.652 [DEBUG] [org.gradle.launcher.daemon.server.Daemon] stop() called on daemon
14:43:20.652 [INFO] [org.gradle.launcher.daemon.server.Daemon] Stop requested. Daemon is removing its presence from the registry...
14:43:20.653 [DEBUG] [org.gradle.launcher.daemon.server.DomainRegistryUpdater] Removing our presence to clients, eg. removing this address from the registry: [062954a6-7328-45c5-bf18-0337bb4c16c5 port:57345, addresses:[/127.0.0.1, /0:0:0:0:0:0:0:1]]
14:43:20.653 [DEBUG] [org.gradle.launcher.daemon.registry.PersistentDaemonRegistry] Removing daemon address: [062954a6-7328-45c5-bf18-0337bb4c16c5 port:57345, addresses:[/127.0.0.1, /0:0:0:0:0:0:0:1]]
14:43:20.656 [DEBUG] [org.gradle.cache.internal.DefaultFileLockManager] Waiting to acquire exclusive lock on daemon addresses registry.
14:43:20.657 [DEBUG] [org.gradle.cache.internal.DefaultFileLockManager] Lock acquired.
14:43:20.667 [DEBUG] [org.gradle.cache.internal.DefaultFileLockManager] Releasing lock on daemon addresses registry.
14:43:20.668 [DEBUG] [org.gradle.launcher.daemon.server.DomainRegistryUpdater] Address removed from registry.
14:43:20.675 [DEBUG] [org.gradle.launcher.daemon.registry.PersistentDaemonRegistry] Removing daemon address: [062954a6-7328-45c5-bf18-0337bb4c16c5 port:57345, addresses:[/127.0.0.1, /0:0:0:0:0:0:0:1]]
14:43:20.677 [DEBUG] [org.gradle.cache.internal.DefaultFileLockManager] Waiting to acquire exclusive lock on daemon addresses registry.
14:43:20.678 [DEBUG] [org.gradle.cache.internal.DefaultFileLockManager] Lock acquired.
Daemon vm is shutting down... The daemon has exited normally or was terminated in response to a user interrupt.
14:43:20.686 [DEBUG] [org.gradle.cache.internal.DefaultFileLockManager] Releasing lock on daemon addresses registry.
